INFO [2026-01-29 15:00:37] $x
INFO [2026-01-29 15:00:37] list(ra5_bacterio, ra5_micro, ra5_assem)
INFO [2026-01-29 15:00:37] 
INFO [2026-01-29 15:00:37] $category.names
INFO [2026-01-29 15:00:37] c("Bacterioplankton", "Microbiome", "Assemblage")
INFO [2026-01-29 15:00:37] 
INFO [2026-01-29 15:00:37] $filename
INFO [2026-01-29 15:00:37] NULL
INFO [2026-01-29 15:00:37] 
INFO [2026-01-29 15:00:37] $main
INFO [2026-01-29 15:00:37] [1] "PopA RA5"
INFO [2026-01-29 15:00:37] 
INFO [2026-01-29 15:00:37] $main.cex
INFO [2026-01-29 15:00:37] [1] 1.4
INFO [2026-01-29 15:00:37] 
INFO [2026-01-29 15:00:37] $height
INFO [2026-01-29 15:00:37] [1] 1
INFO [2026-01-29 15:00:37] 
INFO [2026-01-29 15:00:37] $width
INFO [2026-01-29 15:00:37] [1] 1
INFO [2026-01-29 15:00:37] 
INFO [2026-01-29 15:00:37] $cat.cex
INFO [2026-01-29 15:00:37] [1] 1
INFO [2026-01-29 15:00:37] 
INFO [2026-01-29 15:00:37] $scaled
INFO [2026-01-29 15:00:37] [1] TRUE
INFO [2026-01-29 15:00:37] 
INFO [2026-01-29 15:00:37] $fontfamily
INFO [2026-01-29 15:00:37] rep("sans", 7)
INFO [2026-01-29 15:00:37] 
INFO [2026-01-29 15:00:37] $cat.fontfamily
INFO [2026-01-29 15:00:37] rep("sans", 3)
INFO [2026-01-29 15:00:37] 
INFO [2026-01-29 15:00:37] $ext.text
INFO [2026-01-29 15:00:37] [1] TRUE
INFO [2026-01-29 15:00:37] 
INFO [2026-01-29 15:00:37] $ext.line.lwd
INFO [2026-01-29 15:00:37] [1] 2
INFO [2026-01-29 15:00:37] 
INFO [2026-01-29 15:00:37] $ext.dist
INFO [2026-01-29 15:00:37] -0.15
INFO [2026-01-29 15:00:37] 
INFO [2026-01-29 15:00:37] $ext.length
INFO [2026-01-29 15:00:37] [1] 0.9
INFO [2026-01-29 15:00:37] 
INFO [2026-01-29 15:00:37] $ext.pos
INFO [2026-01-29 15:00:37] -4
INFO [2026-01-29 15:00:37] 
