INFO [2026-01-29 15:01:52] $x
INFO [2026-01-29 15:01:52] list(nb7_bacterio, nb7_micro, nb7_assem)
INFO [2026-01-29 15:01:52] 
INFO [2026-01-29 15:01:52] $category.names
INFO [2026-01-29 15:01:52] c("Bacterioplankton", "Microbiome", "Assemblage")
INFO [2026-01-29 15:01:52] 
INFO [2026-01-29 15:01:52] $filename
INFO [2026-01-29 15:01:52] NULL
INFO [2026-01-29 15:01:52] 
INFO [2026-01-29 15:01:52] $main
INFO [2026-01-29 15:01:52] [1] "PopC NB7"
INFO [2026-01-29 15:01:52] 
INFO [2026-01-29 15:01:52] $height
INFO [2026-01-29 15:01:52] [1] 1
INFO [2026-01-29 15:01:52] 
INFO [2026-01-29 15:01:52] $width
INFO [2026-01-29 15:01:52] [1] 1
INFO [2026-01-29 15:01:52] 
INFO [2026-01-29 15:01:52] $cat.cex
INFO [2026-01-29 15:01:52] [1] 1
INFO [2026-01-29 15:01:52] 
INFO [2026-01-29 15:01:52] $scaled
INFO [2026-01-29 15:01:52] [1] TRUE
INFO [2026-01-29 15:01:52] 
INFO [2026-01-29 15:01:52] $fontfamily
INFO [2026-01-29 15:01:52] rep("sans", 7)
INFO [2026-01-29 15:01:52] 
INFO [2026-01-29 15:01:52] $cat.fontfamily
INFO [2026-01-29 15:01:52] rep("sans", 3)
INFO [2026-01-29 15:01:52] 
