INFO [2026-01-29 15:02:10] $x
INFO [2026-01-29 15:02:10] list(Bacterioplankton, Microbiome, Assemblage)
INFO [2026-01-29 15:02:10] 
INFO [2026-01-29 15:02:10] $category.names
INFO [2026-01-29 15:02:10] c("Bacterioplankton", "Microbiome", "Assemblage")
INFO [2026-01-29 15:02:10] 
INFO [2026-01-29 15:02:10] $filename
INFO [2026-01-29 15:02:10] NULL
INFO [2026-01-29 15:02:10] 
INFO [2026-01-29 15:02:10] $main
INFO [2026-01-29 15:02:10] [1] "PopB YE5"
INFO [2026-01-29 15:02:10] 
INFO [2026-01-29 15:02:10] $fontfamily
INFO [2026-01-29 15:02:10] rep("sans", 7)
INFO [2026-01-29 15:02:10] 
INFO [2026-01-29 15:02:10] $cat.fontfamily
INFO [2026-01-29 15:02:10] rep("sans", 3)
INFO [2026-01-29 15:02:10] 
INFO [2026-01-29 15:02:10] $main.cex
INFO [2026-01-29 15:02:10] [1] 1.4
INFO [2026-01-29 15:02:10] 
INFO [2026-01-29 15:02:10] $height
INFO [2026-01-29 15:02:10] [1] 1
INFO [2026-01-29 15:02:10] 
INFO [2026-01-29 15:02:10] $width
INFO [2026-01-29 15:02:10] [1] 1
INFO [2026-01-29 15:02:10] 
INFO [2026-01-29 15:02:10] $cat.cex
INFO [2026-01-29 15:02:10] [1] 1
INFO [2026-01-29 15:02:10] 
INFO [2026-01-29 15:02:10] $scaled
INFO [2026-01-29 15:02:10] [1] TRUE
INFO [2026-01-29 15:02:10] 
INFO [2026-01-29 15:02:10] $ext.text
INFO [2026-01-29 15:02:10] [1] TRUE
INFO [2026-01-29 15:02:10] 
INFO [2026-01-29 15:02:10] $ext.line.lwd
INFO [2026-01-29 15:02:10] [1] 2
INFO [2026-01-29 15:02:10] 
INFO [2026-01-29 15:02:10] $ext.dist
INFO [2026-01-29 15:02:10] -0.15
INFO [2026-01-29 15:02:10] 
INFO [2026-01-29 15:02:10] $ext.length
INFO [2026-01-29 15:02:10] [1] 0.9
INFO [2026-01-29 15:02:10] 
INFO [2026-01-29 15:02:10] $ext.pos
INFO [2026-01-29 15:02:10] -4
INFO [2026-01-29 15:02:10] 
