INFO [2026-01-29 14:29:28] $x
INFO [2026-01-29 14:29:28] list(Bacterioplankton, Microbiome, Assemblage)
INFO [2026-01-29 14:29:28] 
INFO [2026-01-29 14:29:28] $category.names
INFO [2026-01-29 14:29:28] c("Bacterioplankton", "Microbiome", "Assemblage")
INFO [2026-01-29 14:29:28] 
INFO [2026-01-29 14:29:28] $filename
INFO [2026-01-29 14:29:28] NULL
INFO [2026-01-29 14:29:28] 
INFO [2026-01-29 14:29:28] $main
INFO [2026-01-29 14:29:28] [1] "PopB YE5"
INFO [2026-01-29 14:29:28] 
INFO [2026-01-29 14:29:28] $fontfamily
INFO [2026-01-29 14:29:28] rep("sans", 7)
INFO [2026-01-29 14:29:28] 
INFO [2026-01-29 14:29:28] $cat.fontfamily
INFO [2026-01-29 14:29:28] rep("sans", 3)
INFO [2026-01-29 14:29:28] 
INFO [2026-01-29 14:29:28] $main.cex
INFO [2026-01-29 14:29:28] [1] 1.4
INFO [2026-01-29 14:29:28] 
INFO [2026-01-29 14:29:28] $height
INFO [2026-01-29 14:29:28] [1] 1
INFO [2026-01-29 14:29:28] 
INFO [2026-01-29 14:29:28] $width
INFO [2026-01-29 14:29:28] [1] 1
INFO [2026-01-29 14:29:28] 
INFO [2026-01-29 14:29:28] $cat.cex
INFO [2026-01-29 14:29:28] [1] 1
INFO [2026-01-29 14:29:28] 
INFO [2026-01-29 14:29:28] $scaled
INFO [2026-01-29 14:29:28] [1] TRUE
INFO [2026-01-29 14:29:28] 
INFO [2026-01-29 14:29:28] $ext.text
INFO [2026-01-29 14:29:28] [1] TRUE
INFO [2026-01-29 14:29:28] 
INFO [2026-01-29 14:29:28] $ext.line.lwd
INFO [2026-01-29 14:29:28] [1] 2
INFO [2026-01-29 14:29:28] 
INFO [2026-01-29 14:29:28] $ext.dist
INFO [2026-01-29 14:29:28] -0.15
INFO [2026-01-29 14:29:28] 
INFO [2026-01-29 14:29:28] $ext.length
INFO [2026-01-29 14:29:28] [1] 0.9
INFO [2026-01-29 14:29:28] 
INFO [2026-01-29 14:29:28] $ext.pos
INFO [2026-01-29 14:29:28] -4
INFO [2026-01-29 14:29:28] 
