INFO [2026-01-29 15:01:58] $x
INFO [2026-01-29 15:01:58] list(ra5_bacterio, ra5_micro, ra5_assem)
INFO [2026-01-29 15:01:58] 
INFO [2026-01-29 15:01:58] $category.names
INFO [2026-01-29 15:01:58] c("Bacterioplankton", "Microbiome", "Assemblage")
INFO [2026-01-29 15:01:58] 
INFO [2026-01-29 15:01:58] $filename
INFO [2026-01-29 15:01:58] NULL
INFO [2026-01-29 15:01:58] 
INFO [2026-01-29 15:01:58] $main
INFO [2026-01-29 15:01:58] [1] "PopA RA5"
INFO [2026-01-29 15:01:58] 
INFO [2026-01-29 15:01:58] $main.cex
INFO [2026-01-29 15:01:58] [1] 1.4
INFO [2026-01-29 15:01:58] 
INFO [2026-01-29 15:01:58] $height
INFO [2026-01-29 15:01:58] [1] 1
INFO [2026-01-29 15:01:58] 
INFO [2026-01-29 15:01:58] $width
INFO [2026-01-29 15:01:58] [1] 1
INFO [2026-01-29 15:01:58] 
INFO [2026-01-29 15:01:58] $cat.cex
INFO [2026-01-29 15:01:58] [1] 1
INFO [2026-01-29 15:01:58] 
INFO [2026-01-29 15:01:58] $scaled
INFO [2026-01-29 15:01:58] [1] TRUE
INFO [2026-01-29 15:01:58] 
INFO [2026-01-29 15:01:58] $fontfamily
INFO [2026-01-29 15:01:58] rep("sans", 7)
INFO [2026-01-29 15:01:58] 
INFO [2026-01-29 15:01:58] $cat.fontfamily
INFO [2026-01-29 15:01:58] rep("sans", 3)
INFO [2026-01-29 15:01:58] 
INFO [2026-01-29 15:01:58] $ext.text
INFO [2026-01-29 15:01:58] [1] TRUE
INFO [2026-01-29 15:01:58] 
INFO [2026-01-29 15:01:58] $ext.line.lwd
INFO [2026-01-29 15:01:58] [1] 2
INFO [2026-01-29 15:01:58] 
INFO [2026-01-29 15:01:58] $ext.dist
INFO [2026-01-29 15:01:58] -0.15
INFO [2026-01-29 15:01:58] 
INFO [2026-01-29 15:01:58] $ext.length
INFO [2026-01-29 15:01:58] [1] 0.9
INFO [2026-01-29 15:01:58] 
INFO [2026-01-29 15:01:58] $ext.pos
INFO [2026-01-29 15:01:58] -4
INFO [2026-01-29 15:01:58] 
