INFO [2026-01-29 14:29:13] $x
INFO [2026-01-29 14:29:13] list(nb7_bacterio, nb7_micro, nb7_assem)
INFO [2026-01-29 14:29:13] 
INFO [2026-01-29 14:29:13] $category.names
INFO [2026-01-29 14:29:13] c("Bacterioplankton", "Microbiome", "Assemblage")
INFO [2026-01-29 14:29:13] 
INFO [2026-01-29 14:29:13] $filename
INFO [2026-01-29 14:29:13] NULL
INFO [2026-01-29 14:29:13] 
INFO [2026-01-29 14:29:13] $main
INFO [2026-01-29 14:29:13] [1] "PopC NB7"
INFO [2026-01-29 14:29:13] 
INFO [2026-01-29 14:29:13] $height
INFO [2026-01-29 14:29:13] [1] 1
INFO [2026-01-29 14:29:13] 
INFO [2026-01-29 14:29:13] $width
INFO [2026-01-29 14:29:13] [1] 1
INFO [2026-01-29 14:29:13] 
INFO [2026-01-29 14:29:13] $cat.cex
INFO [2026-01-29 14:29:13] [1] 1
INFO [2026-01-29 14:29:13] 
INFO [2026-01-29 14:29:13] $scaled
INFO [2026-01-29 14:29:13] [1] TRUE
INFO [2026-01-29 14:29:13] 
INFO [2026-01-29 14:29:13] $fontfamily
INFO [2026-01-29 14:29:13] rep("sans", 7)
INFO [2026-01-29 14:29:13] 
INFO [2026-01-29 14:29:13] $cat.fontfamily
INFO [2026-01-29 14:29:13] rep("sans", 3)
INFO [2026-01-29 14:29:13] 
