INFO [2026-01-29 15:00:31] $x
INFO [2026-01-29 15:00:31] list(nb7_bacterio, nb7_micro, nb7_assem)
INFO [2026-01-29 15:00:31] 
INFO [2026-01-29 15:00:31] $category.names
INFO [2026-01-29 15:00:31] c("Bacterioplankton", "Microbiome", "Assemblage")
INFO [2026-01-29 15:00:31] 
INFO [2026-01-29 15:00:31] $filename
INFO [2026-01-29 15:00:31] NULL
INFO [2026-01-29 15:00:31] 
INFO [2026-01-29 15:00:31] $main
INFO [2026-01-29 15:00:31] [1] "PopC NB7"
INFO [2026-01-29 15:00:31] 
INFO [2026-01-29 15:00:31] $height
INFO [2026-01-29 15:00:31] [1] 1
INFO [2026-01-29 15:00:31] 
INFO [2026-01-29 15:00:31] $width
INFO [2026-01-29 15:00:31] [1] 1
INFO [2026-01-29 15:00:31] 
INFO [2026-01-29 15:00:31] $cat.cex
INFO [2026-01-29 15:00:31] [1] 1
INFO [2026-01-29 15:00:31] 
INFO [2026-01-29 15:00:31] $scaled
INFO [2026-01-29 15:00:31] [1] TRUE
INFO [2026-01-29 15:00:31] 
INFO [2026-01-29 15:00:31] $fontfamily
INFO [2026-01-29 15:00:31] rep("sans", 7)
INFO [2026-01-29 15:00:31] 
INFO [2026-01-29 15:00:31] $cat.fontfamily
INFO [2026-01-29 15:00:31] rep("sans", 3)
INFO [2026-01-29 15:00:31] 
