INFO [2026-01-29 14:29:24] $x
INFO [2026-01-29 14:29:24] list(rd4_bacterio, rd4_micro, rd4_assem)
INFO [2026-01-29 14:29:24] 
INFO [2026-01-29 14:29:24] $category.names
INFO [2026-01-29 14:29:24] c("Bacterioplankton", "Microbiome", "Assemblage")
INFO [2026-01-29 14:29:24] 
INFO [2026-01-29 14:29:24] $filename
INFO [2026-01-29 14:29:24] NULL
INFO [2026-01-29 14:29:24] 
INFO [2026-01-29 14:29:24] $main
INFO [2026-01-29 14:29:24] [1] "PopA RD4"
INFO [2026-01-29 14:29:24] 
INFO [2026-01-29 14:29:24] $main.cex
INFO [2026-01-29 14:29:24] [1] 1.4
INFO [2026-01-29 14:29:24] 
INFO [2026-01-29 14:29:24] $fontfamily
INFO [2026-01-29 14:29:24] rep("sans", 7)
INFO [2026-01-29 14:29:24] 
INFO [2026-01-29 14:29:24] $cat.fontfamily
INFO [2026-01-29 14:29:24] rep("sans", 3)
INFO [2026-01-29 14:29:24] 
INFO [2026-01-29 14:29:24] $height
INFO [2026-01-29 14:29:24] [1] 1
INFO [2026-01-29 14:29:24] 
INFO [2026-01-29 14:29:24] $width
INFO [2026-01-29 14:29:24] [1] 1
INFO [2026-01-29 14:29:24] 
INFO [2026-01-29 14:29:24] $cat.cex
INFO [2026-01-29 14:29:24] [1] 1
INFO [2026-01-29 14:29:24] 
INFO [2026-01-29 14:29:24] $scaled
INFO [2026-01-29 14:29:24] [1] TRUE
INFO [2026-01-29 14:29:24] 
INFO [2026-01-29 14:29:24] $ext.text
INFO [2026-01-29 14:29:24] [1] TRUE
INFO [2026-01-29 14:29:24] 
INFO [2026-01-29 14:29:24] $ext.line.lwd
INFO [2026-01-29 14:29:24] [1] 2
INFO [2026-01-29 14:29:24] 
INFO [2026-01-29 14:29:24] $ext.dist
INFO [2026-01-29 14:29:24] -0.15
INFO [2026-01-29 14:29:24] 
INFO [2026-01-29 14:29:24] $ext.length
INFO [2026-01-29 14:29:24] [1] 0.9
INFO [2026-01-29 14:29:24] 
INFO [2026-01-29 14:29:24] $ext.pos
INFO [2026-01-29 14:29:24] -4
INFO [2026-01-29 14:29:24] 
