INFO [2026-01-29 15:00:48] $x
INFO [2026-01-29 15:00:48] list(Bacterioplankton, Microbiome, Assemblage)
INFO [2026-01-29 15:00:48] 
INFO [2026-01-29 15:00:48] $category.names
INFO [2026-01-29 15:00:48] c("Bacterioplankton", "Microbiome", "Assemblage")
INFO [2026-01-29 15:00:48] 
INFO [2026-01-29 15:00:48] $filename
INFO [2026-01-29 15:00:48] NULL
INFO [2026-01-29 15:00:48] 
INFO [2026-01-29 15:00:48] $main
INFO [2026-01-29 15:00:48] [1] "PopB YE5"
INFO [2026-01-29 15:00:48] 
INFO [2026-01-29 15:00:48] $fontfamily
INFO [2026-01-29 15:00:48] rep("sans", 7)
INFO [2026-01-29 15:00:48] 
INFO [2026-01-29 15:00:48] $cat.fontfamily
INFO [2026-01-29 15:00:48] rep("sans", 3)
INFO [2026-01-29 15:00:48] 
INFO [2026-01-29 15:00:48] $main.cex
INFO [2026-01-29 15:00:48] [1] 1.4
INFO [2026-01-29 15:00:48] 
INFO [2026-01-29 15:00:48] $height
INFO [2026-01-29 15:00:48] [1] 1
INFO [2026-01-29 15:00:48] 
INFO [2026-01-29 15:00:48] $width
INFO [2026-01-29 15:00:48] [1] 1
INFO [2026-01-29 15:00:48] 
INFO [2026-01-29 15:00:48] $cat.cex
INFO [2026-01-29 15:00:48] [1] 1
INFO [2026-01-29 15:00:48] 
INFO [2026-01-29 15:00:48] $scaled
INFO [2026-01-29 15:00:48] [1] TRUE
INFO [2026-01-29 15:00:48] 
INFO [2026-01-29 15:00:48] $ext.text
INFO [2026-01-29 15:00:48] [1] TRUE
INFO [2026-01-29 15:00:48] 
INFO [2026-01-29 15:00:48] $ext.line.lwd
INFO [2026-01-29 15:00:48] [1] 2
INFO [2026-01-29 15:00:48] 
INFO [2026-01-29 15:00:48] $ext.dist
INFO [2026-01-29 15:00:48] -0.15
INFO [2026-01-29 15:00:48] 
INFO [2026-01-29 15:00:48] $ext.length
INFO [2026-01-29 15:00:48] [1] 0.9
INFO [2026-01-29 15:00:48] 
INFO [2026-01-29 15:00:48] $ext.pos
INFO [2026-01-29 15:00:48] -4
INFO [2026-01-29 15:00:48] 
