INFO [2026-01-29 15:00:42] $x
INFO [2026-01-29 15:00:42] list(rd4_bacterio, rd4_micro, rd4_assem)
INFO [2026-01-29 15:00:42] 
INFO [2026-01-29 15:00:42] $category.names
INFO [2026-01-29 15:00:42] c("Bacterioplankton", "Microbiome", "Assemblage")
INFO [2026-01-29 15:00:42] 
INFO [2026-01-29 15:00:42] $filename
INFO [2026-01-29 15:00:42] NULL
INFO [2026-01-29 15:00:42] 
INFO [2026-01-29 15:00:42] $main
INFO [2026-01-29 15:00:42] [1] "PopA RD4"
INFO [2026-01-29 15:00:42] 
INFO [2026-01-29 15:00:42] $main.cex
INFO [2026-01-29 15:00:42] [1] 1.4
INFO [2026-01-29 15:00:42] 
INFO [2026-01-29 15:00:42] $fontfamily
INFO [2026-01-29 15:00:42] rep("sans", 7)
INFO [2026-01-29 15:00:42] 
INFO [2026-01-29 15:00:42] $cat.fontfamily
INFO [2026-01-29 15:00:42] rep("sans", 3)
INFO [2026-01-29 15:00:42] 
INFO [2026-01-29 15:00:42] $height
INFO [2026-01-29 15:00:42] [1] 1
INFO [2026-01-29 15:00:42] 
INFO [2026-01-29 15:00:42] $width
INFO [2026-01-29 15:00:42] [1] 1
INFO [2026-01-29 15:00:42] 
INFO [2026-01-29 15:00:42] $cat.cex
INFO [2026-01-29 15:00:42] [1] 1
INFO [2026-01-29 15:00:42] 
INFO [2026-01-29 15:00:42] $scaled
INFO [2026-01-29 15:00:42] [1] TRUE
INFO [2026-01-29 15:00:42] 
INFO [2026-01-29 15:00:42] $ext.text
INFO [2026-01-29 15:00:42] [1] TRUE
INFO [2026-01-29 15:00:42] 
INFO [2026-01-29 15:00:42] $ext.line.lwd
INFO [2026-01-29 15:00:42] [1] 2
INFO [2026-01-29 15:00:42] 
INFO [2026-01-29 15:00:42] $ext.dist
INFO [2026-01-29 15:00:42] -0.15
INFO [2026-01-29 15:00:42] 
INFO [2026-01-29 15:00:42] $ext.length
INFO [2026-01-29 15:00:42] [1] 0.9
INFO [2026-01-29 15:00:42] 
INFO [2026-01-29 15:00:42] $ext.pos
INFO [2026-01-29 15:00:42] -4
INFO [2026-01-29 15:00:42] 
