INFO [2026-01-29 15:02:04] $x
INFO [2026-01-29 15:02:04] list(rd4_bacterio, rd4_micro, rd4_assem)
INFO [2026-01-29 15:02:04] 
INFO [2026-01-29 15:02:04] $category.names
INFO [2026-01-29 15:02:04] c("Bacterioplankton", "Microbiome", "Assemblage")
INFO [2026-01-29 15:02:04] 
INFO [2026-01-29 15:02:04] $filename
INFO [2026-01-29 15:02:04] NULL
INFO [2026-01-29 15:02:04] 
INFO [2026-01-29 15:02:04] $main
INFO [2026-01-29 15:02:04] [1] "PopA RD4"
INFO [2026-01-29 15:02:04] 
INFO [2026-01-29 15:02:04] $main.cex
INFO [2026-01-29 15:02:04] [1] 1.4
INFO [2026-01-29 15:02:04] 
INFO [2026-01-29 15:02:04] $fontfamily
INFO [2026-01-29 15:02:04] rep("sans", 7)
INFO [2026-01-29 15:02:04] 
INFO [2026-01-29 15:02:04] $cat.fontfamily
INFO [2026-01-29 15:02:04] rep("sans", 3)
INFO [2026-01-29 15:02:04] 
INFO [2026-01-29 15:02:04] $height
INFO [2026-01-29 15:02:04] [1] 1
INFO [2026-01-29 15:02:04] 
INFO [2026-01-29 15:02:04] $width
INFO [2026-01-29 15:02:04] [1] 1
INFO [2026-01-29 15:02:04] 
INFO [2026-01-29 15:02:04] $cat.cex
INFO [2026-01-29 15:02:04] [1] 1
INFO [2026-01-29 15:02:04] 
INFO [2026-01-29 15:02:04] $scaled
INFO [2026-01-29 15:02:04] [1] TRUE
INFO [2026-01-29 15:02:04] 
INFO [2026-01-29 15:02:04] $ext.text
INFO [2026-01-29 15:02:04] [1] TRUE
INFO [2026-01-29 15:02:04] 
INFO [2026-01-29 15:02:04] $ext.line.lwd
INFO [2026-01-29 15:02:04] [1] 2
INFO [2026-01-29 15:02:04] 
INFO [2026-01-29 15:02:04] $ext.dist
INFO [2026-01-29 15:02:04] -0.15
INFO [2026-01-29 15:02:04] 
INFO [2026-01-29 15:02:04] $ext.length
INFO [2026-01-29 15:02:04] [1] 0.9
INFO [2026-01-29 15:02:04] 
INFO [2026-01-29 15:02:04] $ext.pos
INFO [2026-01-29 15:02:04] -4
INFO [2026-01-29 15:02:04] 
