INFO [2026-01-29 14:29:18] $x
INFO [2026-01-29 14:29:18] list(ra5_bacterio, ra5_micro, ra5_assem)
INFO [2026-01-29 14:29:18] 
INFO [2026-01-29 14:29:18] $category.names
INFO [2026-01-29 14:29:18] c("Bacterioplankton", "Microbiome", "Assemblage")
INFO [2026-01-29 14:29:18] 
INFO [2026-01-29 14:29:18] $filename
INFO [2026-01-29 14:29:18] NULL
INFO [2026-01-29 14:29:18] 
INFO [2026-01-29 14:29:18] $main
INFO [2026-01-29 14:29:18] [1] "PopA RA5"
INFO [2026-01-29 14:29:18] 
INFO [2026-01-29 14:29:18] $main.cex
INFO [2026-01-29 14:29:18] [1] 1.4
INFO [2026-01-29 14:29:18] 
INFO [2026-01-29 14:29:18] $height
INFO [2026-01-29 14:29:18] [1] 1
INFO [2026-01-29 14:29:18] 
INFO [2026-01-29 14:29:18] $width
INFO [2026-01-29 14:29:18] [1] 1
INFO [2026-01-29 14:29:18] 
INFO [2026-01-29 14:29:18] $cat.cex
INFO [2026-01-29 14:29:18] [1] 1
INFO [2026-01-29 14:29:18] 
INFO [2026-01-29 14:29:18] $scaled
INFO [2026-01-29 14:29:18] [1] TRUE
INFO [2026-01-29 14:29:18] 
INFO [2026-01-29 14:29:18] $fontfamily
INFO [2026-01-29 14:29:18] rep("sans", 7)
INFO [2026-01-29 14:29:18] 
INFO [2026-01-29 14:29:18] $cat.fontfamily
INFO [2026-01-29 14:29:18] rep("sans", 3)
INFO [2026-01-29 14:29:18] 
INFO [2026-01-29 14:29:18] $ext.text
INFO [2026-01-29 14:29:18] [1] TRUE
INFO [2026-01-29 14:29:18] 
INFO [2026-01-29 14:29:18] $ext.line.lwd
INFO [2026-01-29 14:29:18] [1] 2
INFO [2026-01-29 14:29:18] 
INFO [2026-01-29 14:29:18] $ext.dist
INFO [2026-01-29 14:29:18] -0.15
INFO [2026-01-29 14:29:18] 
INFO [2026-01-29 14:29:18] $ext.length
INFO [2026-01-29 14:29:18] [1] 0.9
INFO [2026-01-29 14:29:18] 
INFO [2026-01-29 14:29:18] $ext.pos
INFO [2026-01-29 14:29:18] -4
INFO [2026-01-29 14:29:18] 
